<?xml version="1.0" encoding="UTF-8"?>
<!-- Generated by org.testng.reporters.JUnitXMLReporter -->
<testsuite ignored="1" hostname="DESKTOP-NNODB69" failures="0" tests="1" name="Test" time="8.941" errors="0" timestamp="2022-12-21T18:02:35 IST">
  <testcase classname="vTiger.ContactsTests.CreateContactWithOrganizationTest" name="demoTest" time="0.025"/>
  <testcase classname="vTiger.ContactsTests.CreateContactWithOrganizationTest" name="createContactWithOrg" time="0.0">
    <ignored/>
  </testcase> <!-- createContactWithOrg -->
</testsuite> <!-- Test -->
