<?xml version="1.0" encoding="UTF-8"?>
<!-- Generated by org.testng.reporters.JUnitXMLReporter -->
<testsuite ignored="0" hostname="DESKTOP-NNODB69" failures="0" tests="2" name="Test_Runner_Firefox" time="63.902" errors="0" timestamp="2022-11-30T15:55:18 IST">
  <testcase classname="vTiger.ContactsTests.CreateContactWithOrganizationTest" name="createContactWithOrg" time="30.309"/>
  <testcase classname="vTiger.ContactsTests.CreateContactWithOrganizationTest" name="demoTest" time="0.001"/>
</testsuite> <!-- Test_Runner_Firefox -->
