<?xml version="1.0" encoding="UTF-8"?>
<!-- Generated by org.testng.reporters.JUnitXMLReporter -->
<testsuite ignored="0" hostname="DESKTOP-NNODB69" failures="0" tests="2" name="Test_runner2" time="48.666" errors="0" timestamp="2022-11-30T15:29:16 IST">
  <testcase classname="vTiger.ContactsTests.CreateContactWithOrganizationTest" name="createContactWithOrg" time="30.365"/>
  <testcase classname="vTiger.ContactsTests.CreateContactWithOrganizationTest" name="demoTest" time="0.002"/>
</testsuite> <!-- Test_runner2 -->
