<?xml version="1.0" encoding="UTF-8"?>
<testng-results ignored="0" total="2" passed="2" failed="0" skipped="0">
  <reporter-output>
    <line>
      <![CDATA[navigate to organization]]>
    </line>
    <line>
      <![CDATA[click on create org look up image]]>
    </line>
    <line>
      <![CDATA[created organization withTCS865]]>
    </line>
  </reporter-output>
  <suite started-at="2022-12-21T18:03:43 IST" name="Default suite" finished-at="2022-12-21T18:04:16 IST" duration-ms="32557">
    <groups>
      <group name="RegressionSuite">
        <method signature="CreateContactWithOrganizationTest.demoTest()[pri:0, instance:vTiger.ContactsTests.CreateContactWithOrganizationTest@79e2c065]" name="demoTest" class="vTiger.ContactsTests.CreateContactWithOrganizationTest"/>
      </group> <!-- RegressionSuite -->
      <group name="SmokeSuite">
        <method signature="CreateContactWithOrganizationTest.createContactWithOrg()[pri:0, instance:vTiger.ContactsTests.CreateContactWithOrganizationTest@79e2c065]" name="createContactWithOrg" class="vTiger.ContactsTests.CreateContactWithOrganizationTest"/>
      </group> <!-- SmokeSuite -->
    </groups>
    <test started-at="2022-12-21T18:03:43 IST" name="Default test" finished-at="2022-12-21T18:04:16 IST" duration-ms="32557">
      <class name="vTiger.ContactsTests.CreateContactWithOrganizationTest">
        <test-method is-config="true" signature="bsConfig()[pri:0, instance:vTiger.ContactsTests.CreateContactWithOrganizationTest@79e2c065]" started-at="2022-12-21T18:03:43 IST" name="bsConfig" finished-at="2022-12-21T18:03:43 IST" duration-ms="9" status="PASS">
          <reporter-output>
          </reporter-output>
        </test-method> <!-- bsConfig -->
        <test-method is-config="true" signature="bcConfig()[pri:0, instance:vTiger.ContactsTests.CreateContactWithOrganizationTest@79e2c065]" started-at="2022-12-21T18:03:44 IST" name="bcConfig" finished-at="2022-12-21T18:03:47 IST" duration-ms="3159" status="PASS">
          <reporter-output>
          </reporter-output>
        </test-method> <!-- bcConfig -->
        <test-method is-config="true" signature="bmConfig()[pri:0, instance:vTiger.ContactsTests.CreateContactWithOrganizationTest@79e2c065]" started-at="2022-12-21T18:03:47 IST" name="bmConfig" finished-at="2022-12-21T18:03:49 IST" duration-ms="2415" status="PASS">
          <reporter-output>
          </reporter-output>
        </test-method> <!-- bmConfig -->
        <test-method signature="createContactWithOrg()[pri:0, instance:vTiger.ContactsTests.CreateContactWithOrganizationTest@79e2c065]" started-at="2022-12-21T18:03:49 IST" name="createContactWithOrg" finished-at="2022-12-21T18:04:09 IST" duration-ms="19417" status="PASS">
          <reporter-output>
            <line>
              <![CDATA[navigate to organization]]>
            </line>
            <line>
              <![CDATA[click on create org look up image]]>
            </line>
            <line>
              <![CDATA[created organization withTCS865]]>
            </line>
          </reporter-output>
        </test-method> <!-- createContactWithOrg -->
        <test-method is-config="true" signature="amConfig()[pri:0, instance:vTiger.ContactsTests.CreateContactWithOrganizationTest@79e2c065]" started-at="2022-12-21T18:04:09 IST" name="amConfig" finished-at="2022-12-21T18:04:10 IST" duration-ms="1249" status="PASS">
          <reporter-output>
          </reporter-output>
        </test-method> <!-- amConfig -->
        <test-method is-config="true" signature="bmConfig()[pri:0, instance:vTiger.ContactsTests.CreateContactWithOrganizationTest@79e2c065]" started-at="2022-12-21T18:04:10 IST" name="bmConfig" finished-at="2022-12-21T18:04:12 IST" duration-ms="1896" status="PASS">
          <reporter-output>
          </reporter-output>
        </test-method> <!-- bmConfig -->
        <test-method signature="demoTest()[pri:0, instance:vTiger.ContactsTests.CreateContactWithOrganizationTest@79e2c065]" started-at="2022-12-21T18:04:12 IST" name="demoTest" finished-at="2022-12-21T18:04:12 IST" duration-ms="2" status="PASS">
          <reporter-output>
          </reporter-output>
        </test-method> <!-- demoTest -->
        <test-method is-config="true" signature="amConfig()[pri:0, instance:vTiger.ContactsTests.CreateContactWithOrganizationTest@79e2c065]" started-at="2022-12-21T18:04:12 IST" name="amConfig" finished-at="2022-12-21T18:04:16 IST" duration-ms="3725" status="PASS">
          <reporter-output>
          </reporter-output>
        </test-method> <!-- amConfig -->
        <test-method is-config="true" signature="acConfig()[pri:0, instance:vTiger.ContactsTests.CreateContactWithOrganizationTest@79e2c065]" started-at="2022-12-21T18:04:16 IST" name="acConfig" finished-at="2022-12-21T18:04:16 IST" duration-ms="331" status="PASS">
          <reporter-output>
          </reporter-output>
        </test-method> <!-- acConfig -->
        <test-method is-config="true" signature="asConfig()[pri:0, instance:vTiger.ContactsTests.CreateContactWithOrganizationTest@79e2c065]" started-at="2022-12-21T18:04:16 IST" name="asConfig" finished-at="2022-12-21T18:04:16 IST" duration-ms="0" status="PASS">
          <reporter-output>
          </reporter-output>
        </test-method> <!-- asConfig -->
      </class> <!-- vTiger.ContactsTests.CreateContactWithOrganizationTest -->
    </test> <!-- Default test -->
  </suite> <!-- Default suite -->
</testng-results>
