<?xml version="1.0" encoding="UTF-8"?>
<testng-results ignored="0" total="1" passed="1" failed="0" skipped="0">
  <reporter-output>
  </reporter-output>
  <suite started-at="2022-12-20T12:04:56 IST" name="Default suite" finished-at="2022-12-20T12:04:56 IST" duration-ms="42">
    <groups>
    </groups>
    <test started-at="2022-12-20T12:04:56 IST" name="Default test" finished-at="2022-12-20T12:04:56 IST" duration-ms="42">
      <class name="vTiger.Practice.ReadDataFromCMDLine">
        <test-method signature="ReadData()[pri:0, instance:vTiger.Practice.ReadDataFromCMDLine@7714e963]" started-at="2022-12-20T12:04:56 IST" name="ReadData" finished-at="2022-12-20T12:04:56 IST" duration-ms="7" status="PASS">
          <reporter-output>
          </reporter-output>
        </test-method> <!-- ReadData -->
      </class> <!-- vTiger.Practice.ReadDataFromCMDLine -->
    </test> <!-- Default test -->
  </suite> <!-- Default suite -->
</testng-results>
